0 info it worked if it ends with ok
1 verbose cli [ 'node', '/usr/local/bin/npm', 'uninstall', '--save', 'inquirer' ]
2 info using npm@1.4.28
3 info using node@v0.10.32
4 verbose node_modules/inquirer unbuild
5 info preuninstall inquirer@0.8.0
6 info uninstall inquirer@0.8.0
7 verbose true,/Users/cj.hanson/Documents/Workspace/rhythm.aws.cli/node_modules,/Users/cj.hanson/Documents/Workspace/rhythm.aws.cli/node_modules unbuild inquirer@0.8.0
8 info postuninstall inquirer@0.8.0
9 error Error: EACCES, unlink '/Users/cj.hanson/Documents/Workspace/rhythm.aws.cli/node_modules/inquirer/node_modules/chalk/node_modules/.bin/has-ansi'
9 error  { [Error: EACCES, unlink '/Users/cj.hanson/Documents/Workspace/rhythm.aws.cli/node_modules/inquirer/node_modules/chalk/node_modules/.bin/has-ansi']
9 error   errno: 3,
9 error   code: 'EACCES',
9 error   path: '/Users/cj.hanson/Documents/Workspace/rhythm.aws.cli/node_modules/inquirer/node_modules/chalk/node_modules/.bin/has-ansi' }
10 error Please try running this command again as root/Administrator.
11 error System Darwin 14.0.0
12 error command "node" "/usr/local/bin/npm" "uninstall" "--save" "inquirer"
13 error cwd /Users/cj.hanson/Documents/Workspace/rhythm.aws.cli
14 error node -v v0.10.32
15 error npm -v 1.4.28
16 error path /Users/cj.hanson/Documents/Workspace/rhythm.aws.cli/node_modules/inquirer/node_modules/chalk/node_modules/.bin/has-ansi
17 error code EACCES
18 error errno 3
19 error stack Error: EACCES, unlink '/Users/cj.hanson/Documents/Workspace/rhythm.aws.cli/node_modules/inquirer/node_modules/chalk/node_modules/.bin/has-ansi'
20 verbose exit [ 3, true ]
